<?xml version="1.0" encoding="UTF-8"?>
<!-- Generated by org.testng.reporters.JUnitReportReporter -->
<testsuite hostname="DESKTOP-O214AM8" failures="0" tests="5" name="io.vtcustomer.PartnersShopify_demo2" time="77.352" errors="0" timestamp="2021-08-19T20:12:11 IST" skipped="0">
  <testcase classname="io.vtcustomer.PartnersShopify_demo2" name="partnersShopifyLogin" time="20.327"/>
  <system-out/>
  <testcase classname="io.vtcustomer.PartnersShopify_demo2" name="cardPayment" time="15.745"/>
  <system-out/>
  <testcase classname="io.vtcustomer.PartnersShopify_demo2" name="buyItNow" time="15.860"/>
  <system-out/>
  <testcase classname="io.vtcustomer.PartnersShopify_demo2" name="storeOnline" time="16.409"/>
  <system-out/>
  <testcase classname="io.vtcustomer.PartnersShopify_demo2" name="myShopify_admin" time="9.011"/>
  <system-out/>
</testsuite> <!-- io.vtcustomer.PartnersShopify_demo2 -->
