<?xml version="1.0" encoding="UTF-8"?>
<!-- Generated by org.testng.reporters.JUnitReportReporter -->
<testsuite hostname="DESKTOP-O214AM8" failures="0" tests="2" name="io.vtcustomer.VtCustomer_RiskManagement" time="29.428" errors="0" timestamp="2021-08-19T20:12:11 IST" skipped="0">
  <testcase classname="io.vtcustomer.VtCustomer_RiskManagement" name="vtUserLogin" time="18.970"/>
  <system-out/>
  <testcase classname="io.vtcustomer.VtCustomer_RiskManagement" name="showRiskManagement" time="10.458"/>
  <system-out/>
</testsuite> <!-- io.vtcustomer.VtCustomer_RiskManagement -->
